<?xml version="1.0" encoding="UTF-8"?>
<!-- Generated by org.testng.reporters.JUnitReportReporter -->
<testsuite hostname="Rahulsbook" failures="0" tests="2" name="Testingday25.DataProvider_1" time="52.417" errors="0" timestamp="2025-08-16T12:49:28 IST" skipped="0">
  <testcase classname="Testingday25.DataProvider_1" name="logIn" time="26.209"/>
  <testcase classname="Testingday25.DataProvider_1" name="logIn" time="26.208"/>
</testsuite> <!-- Testingday25.DataProvider_1 -->
