<?xml version="1.0" encoding="UTF-8"?>
<!-- Generated by org.testng.reporters.JUnitReportReporter -->
<testsuite hostname="Rahulsbook" failures="0" tests="1" name="TestingDay27.LoginwithAlert2" time="8.308" errors="0" timestamp="2025-08-19T15:01:34 IST" skipped="0">
  <testcase classname="TestingDay27.LoginwithAlert2" name="loginAndHandleErrorMessage_InvalidCredentials" time="8.308"/>
</testsuite> <!-- TestingDay27.LoginwithAlert2 -->
