<?xml version="1.0" encoding="UTF-8"?>
<!-- Generated by org.testng.reporters.JUnitReportReporter -->
<testsuite hostname="Rahulsbook" failures="0" tests="1" name="TestingDay27.LoginTestPom3" time="10.500" errors="0" timestamp="2025-08-19T15:29:06 IST" skipped="0">
  <testcase classname="TestingDay27.LoginTestPom3" name="testInvalidLogin" time="10.500"/>
</testsuite> <!-- TestingDay27.LoginTestPom3 -->
