<?xml version="1.0" encoding="UTF-8"?>
<!-- Generated by org.testng.reporters.JUnitReportReporter -->
<testsuite hostname="Rahulsbook" failures="0" tests="1" name="testapp.app1" time="8.622" errors="0" timestamp="2025-08-12T13:33:35 IST" skipped="0">
  <testcase classname="testapp.app1" name="RegisterNewUser" time="8.622"/>
</testsuite> <!-- testapp.app1 -->
