<?xml version="1.0" encoding="UTF-8"?>
<!-- Generated by org.testng.reporters.JUnitReportReporter -->
<testsuite hostname="Rahulsbook" failures="0" tests="4" name="runner.TestRunner" time="48.569" errors="0" timestamp="2025-08-21T11:59:32 IST" skipped="0">
  <testcase classname="runner.TestRunner" name="runScenario" time="9.560"/>
  <testcase classname="runner.TestRunner" name="runScenario" time="9.247"/>
  <testcase classname="runner.TestRunner" name="runScenario" time="19.985"/>
  <testcase classname="runner.TestRunner" name="runScenario" time="9.777"/>
</testsuite> <!-- runner.TestRunner -->
